
============================================================
LegalHub Direct PDF Ingestion
============================================================
PDF Folder : C:\Users\Sangwa Jesly\Desktop\legalhub-backend\data\pdfs
PDFs Found : 12
Chunk Size : 1000 chars  |  Overlap: 200 chars
FAISS Path : C:\Users\Sangwa Jesly\Desktop\legalhub-backend\chroma_db
============================================================

Loading embedding model (this may take ~30s on first run)...
[OK] Loaded existing index: 864 chunks
Resetting vector store...
[OK] Index reset (empty).

[1/12] 14 April 2008 to amend and supplement some provisions of Law No.96-06 of 18 January 1996 to amend the Constitution of 2 June 1972.pdf
         -> 4,864 chars | 7 chunks | Constitutional Law
         -> Added 7 chunks  [Total: 7]
[2/12] 2005_Criminal_Procedure_Code.pdf
         -> 364,916 chars | 457 chunks | Criminal Law
Traceback (most recent call last):
  File "C:\Users\Sangwa Jesly\Desktop\legalhub-backend\scripts\ingest_pdfs_direct.py", line 269, in <module>
    main()
  File "C:\Users\Sangwa Jesly\Desktop\legalhub-backend\scripts\ingest_pdfs_direct.py", line 235, in main
    added += store.add(documents[k:k+50])
             ^^^^^^^^^^^^^^^^^^^^^^^^^^^^
  File "C:\Users\Sangwa Jesly\Desktop\legalhub-backend\scripts\ingest_pdfs_direct.py", line 144, in add
    embeddings = self._model.encode(texts, show_progress_bar=False)
                 ^^^^^^^^^^^^^^^^^^^^^^^^^^^^^^^^^^^^^^^^^^^^^^^^^^
  File "C:\Users\Sangwa Jesly\Desktop\legalhub-backend\.venv\Lib\site-packages\torch\utils\_contextlib.py", line 120, in decorate_context
    return func(*args, **kwargs)
           ^^^^^^^^^^^^^^^^^^^^^
  File "C:\Users\Sangwa Jesly\Desktop\legalhub-backend\.venv\Lib\site-packages\sentence_transformers\SentenceTransformer.py", line 1094, in encode
    out_features = self.forward(features, **kwargs)
                   ^^^^^^^^^^^^^^^^^^^^^^^^^^^^^^^^
  File "C:\Users\Sangwa Jesly\Desktop\legalhub-backend\.venv\Lib\site-packages\sentence_transformers\SentenceTransformer.py", line 1175, in forward
    input = module(input, **module_kwargs)
            ^^^^^^^^^^^^^^^^^^^^^^^^^^^^^^
  File "C:\Users\Sangwa Jesly\Desktop\legalhub-backend\.venv\Lib\site-packages\torch\nn\modules\module.py", line 1775, in _wrapped_call_impl
    return self._call_impl(*args, **kwargs)
           ^^^^^^^^^^^^^^^^^^^^^^^^^^^^^^^^
  File "C:\Users\Sangwa Jesly\Desktop\legalhub-backend\.venv\Lib\site-packages\torch\nn\modules\module.py", line 1786, in _call_impl
    return forward_call(*args, **kwargs)
           ^^^^^^^^^^^^^^^^^^^^^^^^^^^^^
  File "C:\Users\Sangwa Jesly\Desktop\legalhub-backend\.venv\Lib\site-packages\sentence_transformers\models\Transformer.py", line 261, in forward
    outputs = self.auto_model(**trans_features, **kwargs, return_dict=True)
              ^^^^^^^^^^^^^^^^^^^^^^^^^^^^^^^^^^^^^^^^^^^^^^^^^^^^^^^^^^^^^
  File "C:\Users\Sangwa Jesly\Desktop\legalhub-backend\.venv\Lib\site-packages\torch\nn\modules\module.py", line 1775, in _wrapped_call_impl
    return self._call_impl(*args, **kwargs)
           ^^^^^^^^^^^^^^^^^^^^^^^^^^^^^^^^
  File "C:\Users\Sangwa Jesly\Desktop\legalhub-backend\.venv\Lib\site-packages\torch\nn\modules\module.py", line 1786, in _call_impl
    return forward_call(*args, **kwargs)
           ^^^^^^^^^^^^^^^^^^^^^^^^^^^^^
  File "C:\Users\Sangwa Jesly\Desktop\legalhub-backend\.venv\Lib\site-packages\transformers\models\bert\modeling_bert.py", line 1000, in forward
    encoder_outputs = self.encoder(
                      ^^^^^^^^^^^^^
  File "C:\Users\Sangwa Jesly\Desktop\legalhub-backend\.venv\Lib\site-packages\torch\nn\modules\module.py", line 1775, in _wrapped_call_impl
    return self._call_impl(*args, **kwargs)
           ^^^^^^^^^^^^^^^^^^^^^^^^^^^^^^^^
  File "C:\Users\Sangwa Jesly\Desktop\legalhub-backend\.venv\Lib\site-packages\torch\nn\modules\module.py", line 1786, in _call_impl
    return forward_call(*args, **kwargs)
           ^^^^^^^^^^^^^^^^^^^^^^^^^^^^^
  File "C:\Users\Sangwa Jesly\Desktop\legalhub-backend\.venv\Lib\site-packages\transformers\models\bert\modeling_bert.py", line 650, in forward
    layer_outputs = layer_module(
                    ^^^^^^^^^^^^^
  File "C:\Users\Sangwa Jesly\Desktop\legalhub-backend\.venv\Lib\site-packages\transformers\modeling_layers.py", line 94, in __call__
    return super().__call__(*args, **kwargs)
           ^^^^^^^^^^^^^^^^^^^^^^^^^^^^^^^^^
  File "C:\Users\Sangwa Jesly\Desktop\legalhub-backend\.venv\Lib\site-packages\torch\nn\modules\module.py", line 1775, in _wrapped_call_impl
    return self._call_impl(*args, **kwargs)
           ^^^^^^^^^^^^^^^^^^^^^^^^^^^^^^^^
  File "C:\Users\Sangwa Jesly\Desktop\legalhub-backend\.venv\Lib\site-packages\torch\nn\modules\module.py", line 1786, in _call_impl
    return forward_call(*args, **kwargs)
           ^^^^^^^^^^^^^^^^^^^^^^^^^^^^^
  File "C:\Users\Sangwa Jesly\Desktop\legalhub-backend\.venv\Lib\site-packages\transformers\utils\deprecation.py", line 172, in wrapped_func
    return func(*args, **kwargs)
           ^^^^^^^^^^^^^^^^^^^^^
  File "C:\Users\Sangwa Jesly\Desktop\legalhub-backend\.venv\Lib\site-packages\transformers\models\bert\modeling_bert.py", line 588, in forward
    layer_output = apply_chunking_to_forward(
                   ^^^^^^^^^^^^^^^^^^^^^^^^^^
  File "C:\Users\Sangwa Jesly\Desktop\legalhub-backend\.venv\Lib\site-packages\transformers\pytorch_utils.py", line 257, in apply_chunking_to_forward
    return forward_fn(*input_tensors)
           ^^^^^^^^^^^^^^^^^^^^^^^^^^
  File "C:\Users\Sangwa Jesly\Desktop\legalhub-backend\.venv\Lib\site-packages\transformers\models\bert\modeling_bert.py", line 597, in feed_forward_chunk
    layer_output = self.output(intermediate_output, attention_output)
                   ^^^^^^^^^^^^^^^^^^^^^^^^^^^^^^^^^^^^^^^^^^^^^^^^^^
  File "C:\Users\Sangwa Jesly\Desktop\legalhub-backend\.venv\Lib\site-packages\torch\nn\modules\module.py", line 1775, in _wrapped_call_impl
    return self._call_impl(*args, **kwargs)
           ^^^^^^^^^^^^^^^^^^^^^^^^^^^^^^^^
  File "C:\Users\Sangwa Jesly\Desktop\legalhub-backend\.venv\Lib\site-packages\torch\nn\modules\module.py", line 1786, in _call_impl
    return forward_call(*args, **kwargs)
           ^^^^^^^^^^^^^^^^^^^^^^^^^^^^^
  File "C:\Users\Sangwa Jesly\Desktop\legalhub-backend\.venv\Lib\site-packages\transformers\models\bert\modeling_bert.py", line 525, in forward
    hidden_states = self.dense(hidden_states)
                    ^^^^^^^^^^^^^^^^^^^^^^^^^
  File "C:\Users\Sangwa Jesly\Desktop\legalhub-backend\.venv\Lib\site-packages\torch\nn\modules\module.py", line 1775, in _wrapped_call_impl
    return self._call_impl(*args, **kwargs)
           ^^^^^^^^^^^^^^^^^^^^^^^^^^^^^^^^
  File "C:\Users\Sangwa Jesly\Desktop\legalhub-backend\.venv\Lib\site-packages\torch\nn\modules\module.py", line 1786, in _call_impl
    return forward_call(*args, **kwargs)
           ^^^^^^^^^^^^^^^^^^^^^^^^^^^^^
  File "C:\Users\Sangwa Jesly\Desktop\legalhub-backend\.venv\Lib\site-packages\torch\nn\modules\linear.py", line 134, in forward
    return F.linear(input, self.weight, self.bias)
           ^^^^^^^^^^^^^^^^^^^^^^^^^^^^^^^^^^^^^^^
KeyboardInterrupt
